# JRE version: OpenJDK Runtime Environment (7.0_79-b14) (build 1.7.0_79-b14)
# Java VM: OpenJDK 64-Bit Server VM (24.79-b02 mixed mode linux-amd64 compressed oops)
Heap
 PSYoungGen      total 31744K, used 7201K [0x00000007acd00000, 0x00000007aed00000, 0x0000000800000000)
  eden space 31232K, 22% used [0x00000007acd00000,0x00000007ad3e84b8,0x00000007aeb80000)
  from space 512K, 25% used [0x00000007aec80000,0x00000007aeca0000,0x00000007aed00000)
  to   space 512K, 0% used [0x00000007aec00000,0x00000007aec00000,0x00000007aec80000)
 ParOldGen       total 169984K, used 19418K [0x0000000706800000, 0x0000000710e00000, 0x00000007acd00000)
  object space 169984K, 11% used [0x0000000706800000,0x0000000707af6aa0,0x0000000710e00000)
 PSPermGen       total 23040K, used 22719K [0x00000006fc200000, 0x00000006fd880000, 0x0000000706800000)
  object space 23040K, 98% used [0x00000006fc200000,0x00000006fd82fe00,0x00000006fd880000)
GC Heap History (10 events):
Event: 7125.975 GC heap before
{Heap before GC invocations=722 (full 0):
 PSYoungGen      total 31744K, used 31328K [0x00000007acd00000, 0x00000007aed00000, 0x0000000800000000)
  eden space 31232K, 100% used [0x00000007acd00000,0x00000007aeb80000,0x00000007aeb80000)
  from space 512K, 18% used [0x00000007aec00000,0x00000007aec18000,0x00000007aec80000)
  to   space 512K, 0% used [0x00000007aec80000,0x00000007aec80000,0x00000007aed00000)
 ParOldGen       total 169984K, used 19410K [0x0000000706800000, 0x0000000710e00000, 0x00000007acd00000)
  object space 169984K, 11% used [0x0000000706800000,0x0000000707af4aa0,0x0000000710e00000)
 PSPermGen       total 23040K, used 22708K [0x00000006fc200000, 0x00000006fd880000, 0x0000000706800000)
  object space 23040K, 98% used [0x00000006fc200000,0x00000006fd82d158,0x00000006fd880000)
Event: 7125.977 GC heap after
Heap after GC invocations=722 (full 0):
 PSYoungGen      total 31744K, used 96K [0x00000007acd00000, 0x00000007aed00000, 0x0000000800000000)
  eden space 31232K, 0% used [0x00000007acd00000,0x00000007acd00000,0x00000007aeb80000)
  from space 512K, 18% used [0x00000007aec80000,0x00000007aec98000,0x00000007aed00000)
  to   space 512K, 0% used [0x00000007aec00000,0x00000007aec00000,0x00000007aec80000)
 ParOldGen       total 169984K, used 19410K [0x0000000706800000, 0x0000000710e00000, 0x00000007acd00000)
  object space 169984K, 11% used [0x0000000706800000,0x0000000707af4aa0,0x0000000710e00000)
 PSPermGen       total 23040K, used 22708K [0x00000006fc200000, 0x00000006fd880000, 0x0000000706800000)
  object space 23040K, 98% used [0x00000006fc200000,0x00000006fd82d158,0x00000006fd880000)
}
Event: 7134.925 GC heap before
{Heap before GC invocations=723 (full 0):
 PSYoungGen      total 31744K, used 31328K [0x00000007acd00000, 0x00000007aed00000, 0x0000000800000000)
  eden space 31232K, 100% used [0x00000007acd00000,0x00000007aeb80000,0x00000007aeb80000)
  from space 512K, 18% used [0x00000007aec80000,0x00000007aec98000,0x00000007aed00000)
  to   space 512K, 0% used [0x00000007aec00000,0x00000007aec00000,0x00000007aec80000)
 ParOldGen       total 169984K, used 19410K [0x0000000706800000, 0x0000000710e00000, 0x00000007acd00000)
  object space 169984K, 11% used [0x0000000706800000,0x0000000707af4aa0,0x0000000710e00000)
 PSPermGen       total 23040K, used 22708K [0x00000006fc200000, 0x00000006fd880000, 0x0000000706800000)
  object space 23040K, 98% used [0x00000006fc200000,0x00000006fd82d158,0x00000006fd880000)
Event: 7134.927 GC heap after
Heap after GC invocations=723 (full 0):
 PSYoungGen      total 31744K, used 64K [0x00000007acd00000, 0x00000007aed00000, 0x0000000800000000)
  eden space 31232K, 0% used [0x00000007acd00000,0x00000007acd00000,0x00000007aeb80000)
  from space 512K, 12% used [0x00000007aec00000,0x00000007aec10000,0x00000007aec80000)
  to   space 512K, 0% used [0x00000007aec80000,0x00000007aec80000,0x00000007aed00000)
 ParOldGen       total 169984K, used 19410K [0x0000000706800000, 0x0000000710e00000, 0x00000007acd00000)
  object space 169984K, 11% used [0x0000000706800000,0x0000000707af4aa0,0x0000000710e00000)
 PSPermGen       total 23040K, used 22708K [0x00000006fc200000, 0x00000006fd880000, 0x0000000706800000)
  object space 23040K, 98% used [0x00000006fc200000,0x00000006fd82d158,0x00000006fd880000)
}
Event: 7143.974 GC heap before
{Heap before GC invocations=724 (full 0):
 PSYoungGen      total 31744K, used 31296K [0x00000007acd00000, 0x00000007aed00000, 0x0000000800000000)
  eden space 31232K, 100% used [0x00000007acd00000,0x00000007aeb80000,0x00000007aeb80000)
  from space 512K, 12% used [0x00000007aec00000,0x00000007aec10000,0x00000007aec80000)
  to   space 512K, 0% used [0x00000007aec80000,0x00000007aec80000,0x00000007aed00000)
 ParOldGen       total 169984K, used 19410K [0x0000000706800000, 0x0000000710e00000, 0x00000007acd00000)
  object space 169984K, 11% used [0x0000000706800000,0x0000000707af4aa0,0x0000000710e00000)
 PSPermGen       total 23040K, used 22708K [0x00000006fc200000, 0x00000006fd880000, 0x0000000706800000)
  object space 23040K, 98% used [0x00000006fc200000,0x00000006fd82d158,0x00000006fd880000)
Event: 7143.976 GC heap after
Heap after GC invocations=724 (full 0):
 PSYoungGen      total 31744K, used 64K [0x00000007acd00000, 0x00000007aed00000, 0x0000000800000000)
  eden space 31232K, 0% used [0x00000007acd00000,0x00000007acd00000,0x00000007aeb80000)
  from space 512K, 12% used [0x00000007aec80000,0x00000007aec90000,0x00000007aed00000)
  to   space 512K, 0% used [0x00000007aec00000,0x00000007aec00000,0x00000007aec80000)
 ParOldGen       total 169984K, used 19410K [0x0000000706800000, 0x0000000710e00000, 0x00000007acd00000)
  object space 169984K, 11% used [0x0000000706800000,0x0000000707af4aa0,0x0000000710e00000)
 PSPermGen       total 23040K, used 22708K [0x00000006fc200000, 0x00000006fd880000, 0x0000000706800000)
  object space 23040K, 98% used [0x00000006fc200000,0x00000006fd82d158,0x00000006fd880000)
}
Event: 7153.991 GC heap before
{Heap before GC invocations=725 (full 0):
 PSYoungGen      total 31744K, used 31296K [0x00000007acd00000, 0x00000007aed00000, 0x0000000800000000)
  eden space 31232K, 100% used [0x00000007acd00000,0x00000007aeb80000,0x00000007aeb80000)
  from space 512K, 12% used [0x00000007aec80000,0x00000007aec90000,0x00000007aed00000)
  to   space 512K, 0% used [0x00000007aec00000,0x00000007aec00000,0x00000007aec80000)
 ParOldGen       total 169984K, used 19410K [0x0000000706800000, 0x0000000710e00000, 0x00000007acd00000)
  object space 169984K, 11% used [0x0000000706800000,0x0000000707af4aa0,0x0000000710e00000)
 PSPermGen       total 23040K, used 22708K [0x00000006fc200000, 0x00000006fd880000, 0x0000000706800000)
  object space 23040K, 98% used [0x00000006fc200000,0x00000006fd82d158,0x00000006fd880000)
Event: 7153.992 GC heap after
Heap after GC invocations=725 (full 0):
 PSYoungGen      total 31744K, used 64K [0x00000007acd00000, 0x00000007aed00000, 0x0000000800000000)
  eden space 31232K, 0% used [0x00000007acd00000,0x00000007acd00000,0x00000007aeb80000)
  from space 512K, 12% used [0x00000007aec00000,0x00000007aec10000,0x00000007aec80000)
  to   space 512K, 0% used [0x00000007aec80000,0x00000007aec80000,0x00000007aed00000)
 ParOldGen       total 169984K, used 19418K [0x0000000706800000, 0x0000000710e00000, 0x00000007acd00000)
  object space 169984K, 11% used [0x0000000706800000,0x0000000707af6aa0,0x0000000710e00000)
 PSPermGen       total 23040K, used 22708K [0x00000006fc200000, 0x00000006fd880000, 0x0000000706800000)
  object space 23040K, 98% used [0x00000006fc200000,0x00000006fd82d158,0x00000006fd880000)
}
Event: 7163.174 GC heap before
{Heap before GC invocations=726 (full 0):
 PSYoungGen      total 31744K, used 31296K [0x00000007acd00000, 0x00000007aed00000, 0x0000000800000000)
  eden space 31232K, 100% used [0x00000007acd00000,0x00000007aeb80000,0x00000007aeb80000)
  from space 512K, 12% used [0x00000007aec00000,0x00000007aec10000,0x00000007aec80000)
  to   space 512K, 0% used [0x00000007aec80000,0x00000007aec80000,0x00000007aed00000)
 ParOldGen       total 169984K, used 19418K [0x0000000706800000, 0x0000000710e00000, 0x00000007acd00000)
  object space 169984K, 11% used [0x0000000706800000,0x0000000707af6aa0,0x0000000710e00000)
 PSPermGen       total 23040K, used 22708K [0x00000006fc200000, 0x00000006fd880000, 0x0000000706800000)
  object space 23040K, 98% used [0x00000006fc200000,0x00000006fd82d158,0x00000006fd880000)
Event: 7163.175 GC heap after
Heap after GC invocations=726 (full 0):
 PSYoungGen      total 31744K, used 128K [0x00000007acd00000, 0x00000007aed00000, 0x0000000800000000)
  eden space 31232K, 0% used [0x00000007acd00000,0x00000007acd00000,0x00000007aeb80000)
  from space 512K, 25% used [0x00000007aec80000,0x00000007aeca0000,0x00000007aed00000)
  to   space 512K, 0% used [0x00000007aec00000,0x00000007aec00000,0x00000007aec80000)
 ParOldGen       total 169984K, used 19418K [0x0000000706800000, 0x0000000710e00000, 0x00000007acd00000)
  object space 169984K, 11% used [0x0000000706800000,0x0000000707af6aa0,0x0000000710e00000)
 PSPermGen       total 23040K, used 22708K [0x00000006fc200000, 0x00000006fd880000, 0x0000000706800000)
  object space 23040K, 98% used [0x00000006fc200000,0x00000006fd82d158,0x00000006fd880000)
}

