# JRE version: OpenJDK Runtime Environment (7.0_79-b14) (build 1.7.0_79-b14)
# Java VM: OpenJDK 64-Bit Server VM (24.79-b02 mixed mode linux-amd64 compressed oops)
Heap
 PSYoungGen      total 31744K, used 2604K [0x00000007acd00000, 0x00000007aed00000, 0x0000000800000000)
  eden space 31232K, 8% used [0x00000007acd00000,0x00000007acf73248,0x00000007aeb80000)
  from space 512K, 18% used [0x00000007aec00000,0x00000007aec18000,0x00000007aec80000)
  to   space 512K, 0% used [0x00000007aec80000,0x00000007aec80000,0x00000007aed00000)
 ParOldGen       total 169984K, used 21136K [0x0000000706800000, 0x0000000710e00000, 0x00000007acd00000)
  object space 169984K, 12% used [0x0000000706800000,0x0000000707ca4078,0x0000000710e00000)
 PSPermGen       total 23040K, used 22669K [0x00000006fc200000, 0x00000006fd880000, 0x0000000706800000)
  object space 23040K, 98% used [0x00000006fc200000,0x00000006fd823708,0x00000006fd880000)
GC Heap History (10 events):
Event: 1771.614 GC heap before
{Heap before GC invocations=271 (full 0):
 PSYoungGen      total 31744K, used 31264K [0x00000007acd00000, 0x00000007aed00000, 0x0000000800000000)
  eden space 31232K, 100% used [0x00000007acd00000,0x00000007aeb80000,0x00000007aeb80000)
  from space 512K, 6% used [0x00000007aec80000,0x00000007aec88000,0x00000007aed00000)
  to   space 512K, 0% used [0x00000007aec00000,0x00000007aec00000,0x00000007aec80000)
 ParOldGen       total 169984K, used 21136K [0x0000000706800000, 0x0000000710e00000, 0x00000007acd00000)
  object space 169984K, 12% used [0x0000000706800000,0x0000000707ca4078,0x0000000710e00000)
 PSPermGen       total 23040K, used 22667K [0x00000006fc200000, 0x00000006fd880000, 0x0000000706800000)
  object space 23040K, 98% used [0x00000006fc200000,0x00000006fd822d60,0x00000006fd880000)
Event: 1771.627 GC heap after
Heap after GC invocations=271 (full 0):
 PSYoungGen      total 31744K, used 32K [0x00000007acd00000, 0x00000007aed00000, 0x0000000800000000)
  eden space 31232K, 0% used [0x00000007acd00000,0x00000007acd00000,0x00000007aeb80000)
  from space 512K, 6% used [0x00000007aec00000,0x00000007aec08000,0x00000007aec80000)
  to   space 512K, 0% used [0x00000007aec80000,0x00000007aec80000,0x00000007aed00000)
 ParOldGen       total 169984K, used 21136K [0x0000000706800000, 0x0000000710e00000, 0x00000007acd00000)
  object space 169984K, 12% used [0x0000000706800000,0x0000000707ca4078,0x0000000710e00000)
 PSPermGen       total 23040K, used 22667K [0x00000006fc200000, 0x00000006fd880000, 0x0000000706800000)
  object space 23040K, 98% used [0x00000006fc200000,0x00000006fd822d60,0x00000006fd880000)
}
Event: 1777.315 GC heap before
{Heap before GC invocations=272 (full 0):
 PSYoungGen      total 31744K, used 31264K [0x00000007acd00000, 0x00000007aed00000, 0x0000000800000000)
  eden space 31232K, 100% used [0x00000007acd00000,0x00000007aeb80000,0x00000007aeb80000)
  from space 512K, 6% used [0x00000007aec00000,0x00000007aec08000,0x00000007aec80000)
  to   space 512K, 0% used [0x00000007aec80000,0x00000007aec80000,0x00000007aed00000)
 ParOldGen       total 169984K, used 21136K [0x0000000706800000, 0x0000000710e00000, 0x00000007acd00000)
  object space 169984K, 12% used [0x0000000706800000,0x0000000707ca4078,0x0000000710e00000)
 PSPermGen       total 23040K, used 22667K [0x00000006fc200000, 0x00000006fd880000, 0x0000000706800000)
  object space 23040K, 98% used [0x00000006fc200000,0x00000006fd822d60,0x00000006fd880000)
Event: 1777.316 GC heap after
Heap after GC invocations=272 (full 0):
 PSYoungGen      total 31744K, used 96K [0x00000007acd00000, 0x00000007aed00000, 0x0000000800000000)
  eden space 31232K, 0% used [0x00000007acd00000,0x00000007acd00000,0x00000007aeb80000)
  from space 512K, 18% used [0x00000007aec80000,0x00000007aec98000,0x00000007aed00000)
  to   space 512K, 0% used [0x00000007aec00000,0x00000007aec00000,0x00000007aec80000)
 ParOldGen       total 169984K, used 21136K [0x0000000706800000, 0x0000000710e00000, 0x00000007acd00000)
  object space 169984K, 12% used [0x0000000706800000,0x0000000707ca4078,0x0000000710e00000)
 PSPermGen       total 23040K, used 22667K [0x00000006fc200000, 0x00000006fd880000, 0x0000000706800000)
  object space 23040K, 98% used [0x00000006fc200000,0x00000006fd822d60,0x00000006fd880000)
}
Event: 1782.935 GC heap before
{Heap before GC invocations=273 (full 0):
 PSYoungGen      total 31744K, used 31328K [0x00000007acd00000, 0x00000007aed00000, 0x0000000800000000)
  eden space 31232K, 100% used [0x00000007acd00000,0x00000007aeb80000,0x00000007aeb80000)
  from space 512K, 18% used [0x00000007aec80000,0x00000007aec98000,0x00000007aed00000)
  to   space 512K, 0% used [0x00000007aec00000,0x00000007aec00000,0x00000007aec80000)
 ParOldGen       total 169984K, used 21136K [0x0000000706800000, 0x0000000710e00000, 0x00000007acd00000)
  object space 169984K, 12% used [0x0000000706800000,0x0000000707ca4078,0x0000000710e00000)
 PSPermGen       total 23040K, used 22667K [0x00000006fc200000, 0x00000006fd880000, 0x0000000706800000)
  object space 23040K, 98% used [0x00000006fc200000,0x00000006fd822e90,0x00000006fd880000)
Event: 1782.937 GC heap after
Heap after GC invocations=273 (full 0):
 PSYoungGen      total 31744K, used 32K [0x00000007acd00000, 0x00000007aed00000, 0x0000000800000000)
  eden space 31232K, 0% used [0x00000007acd00000,0x00000007acd00000,0x00000007aeb80000)
  from space 512K, 6% used [0x00000007aec00000,0x00000007aec08000,0x00000007aec80000)
  to   space 512K, 0% used [0x00000007aec80000,0x00000007aec80000,0x00000007aed00000)
 ParOldGen       total 169984K, used 21136K [0x0000000706800000, 0x0000000710e00000, 0x00000007acd00000)
  object space 169984K, 12% used [0x0000000706800000,0x0000000707ca4078,0x0000000710e00000)
 PSPermGen       total 23040K, used 22667K [0x00000006fc200000, 0x00000006fd880000, 0x0000000706800000)
  object space 23040K, 98% used [0x00000006fc200000,0x00000006fd822e90,0x00000006fd880000)
}
Event: 1788.416 GC heap before
{Heap before GC invocations=274 (full 0):
 PSYoungGen      total 31744K, used 31264K [0x00000007acd00000, 0x00000007aed00000, 0x0000000800000000)
  eden space 31232K, 100% used [0x00000007acd00000,0x00000007aeb80000,0x00000007aeb80000)
  from space 512K, 6% used [0x00000007aec00000,0x00000007aec08000,0x00000007aec80000)
  to   space 512K, 0% used [0x00000007aec80000,0x00000007aec80000,0x00000007aed00000)
 ParOldGen       total 169984K, used 21136K [0x0000000706800000, 0x0000000710e00000, 0x00000007acd00000)
  object space 169984K, 12% used [0x0000000706800000,0x0000000707ca4078,0x0000000710e00000)
 PSPermGen       total 23040K, used 22667K [0x00000006fc200000, 0x00000006fd880000, 0x0000000706800000)
  object space 23040K, 98% used [0x00000006fc200000,0x00000006fd822e90,0x00000006fd880000)
Event: 1788.420 GC heap after
Heap after GC invocations=274 (full 0):
 PSYoungGen      total 31744K, used 64K [0x00000007acd00000, 0x00000007aed00000, 0x0000000800000000)
  eden space 31232K, 0% used [0x00000007acd00000,0x00000007acd00000,0x00000007aeb80000)
  from space 512K, 12% used [0x00000007aec80000,0x00000007aec90000,0x00000007aed00000)
  to   space 512K, 0% used [0x00000007aec00000,0x00000007aec00000,0x00000007aec80000)
 ParOldGen       total 169984K, used 21136K [0x0000000706800000, 0x0000000710e00000, 0x00000007acd00000)
  object space 169984K, 12% used [0x0000000706800000,0x0000000707ca4078,0x0000000710e00000)
 PSPermGen       total 23040K, used 22667K [0x00000006fc200000, 0x00000006fd880000, 0x0000000706800000)
  object space 23040K, 98% used [0x00000006fc200000,0x00000006fd822e90,0x00000006fd880000)
}
Event: 1794.953 GC heap before
{Heap before GC invocations=275 (full 0):
 PSYoungGen      total 31744K, used 31296K [0x00000007acd00000, 0x00000007aed00000, 0x0000000800000000)
  eden space 31232K, 100% used [0x00000007acd00000,0x00000007aeb80000,0x00000007aeb80000)
  from space 512K, 12% used [0x00000007aec80000,0x00000007aec90000,0x00000007aed00000)
  to   space 512K, 0% used [0x00000007aec00000,0x00000007aec00000,0x00000007aec80000)
 ParOldGen       total 169984K, used 21136K [0x0000000706800000, 0x0000000710e00000, 0x00000007acd00000)
  object space 169984K, 12% used [0x0000000706800000,0x0000000707ca4078,0x0000000710e00000)
 PSPermGen       total 23040K, used 22669K [0x00000006fc200000, 0x00000006fd880000, 0x0000000706800000)
  object space 23040K, 98% used [0x00000006fc200000,0x00000006fd823708,0x00000006fd880000)
Event: 1794.954 GC heap after
Heap after GC invocations=275 (full 0):
 PSYoungGen      total 31744K, used 96K [0x00000007acd00000, 0x00000007aed00000, 0x0000000800000000)
  eden space 31232K, 0% used [0x00000007acd00000,0x00000007acd00000,0x00000007aeb80000)
  from space 512K, 18% used [0x00000007aec00000,0x00000007aec18000,0x00000007aec80000)
  to   space 512K, 0% used [0x00000007aec80000,0x00000007aec80000,0x00000007aed00000)
 ParOldGen       total 169984K, used 21136K [0x0000000706800000, 0x0000000710e00000, 0x00000007acd00000)
  object space 169984K, 12% used [0x0000000706800000,0x0000000707ca4078,0x0000000710e00000)
 PSPermGen       total 23040K, used 22669K [0x00000006fc200000, 0x00000006fd880000, 0x0000000706800000)
  object space 23040K, 98% used [0x00000006fc200000,0x00000006fd823708,0x00000006fd880000)
}

